#-----------------------------------------------------------
# Vivado v2018.2 (64-bit)
# SW Build 2258646 on Thu Jun 14 20:03:12 MDT 2018
# IP Build 2256618 on Thu Jun 14 22:10:49 MDT 2018
# Start of session at: Sat Oct 14 16:59:55 2023
# Process ID: 24060
# Current directory: C:/Users/vanbi/OneDrive - hcmut.edu.vn/Subjects/HDL_Project/project_1
# Command line: vivado.exe -gui_launcher_event rodinguilauncherevent20200 C:\Users\vanbi\OneDrive - hcmut.edu.vn\Subjects\HDL_Project\project_1\project_1.xpr
# Log file: C:/Users/vanbi/OneDrive - hcmut.edu.vn/Subjects/HDL_Project/project_1/vivado.log
# Journal file: C:/Users/vanbi/OneDrive - hcmut.edu.vn/Subjects/HDL_Project/project_1\vivado.jou
#-----------------------------------------------------------
start_gui
open_project {C:/Users/vanbi/OneDrive - hcmut.edu.vn/Subjects/HDL_Project/project_1/project_1.xpr}
Scanning sources...
Finished scanning sources
INFO: [IP_Flow 19-234] Refreshing IP repositories
INFO: [IP_Flow 19-1704] No user IP repositories specified
INFO: [IP_Flow 19-2313] Loaded Vivado IP repository 'E:/Xilinx/Vivado/2018.2/data/ip'.
open_project: Time (s): cpu = 00:00:05 ; elapsed = 00:00:07 . Memory (MB): peak = 757.742 ; gain = 73.016
update_compile_order -fileset sources_1
exit
INFO: [Common 17-206] Exiting Vivado at Sat Oct 14 17:41:49 2023...
